# JRE version: Java(TM) SE Runtime Environment (21.0.2+13) (build 21.0.2+13-LTS-58)
# Java VM: Java HotSpot(TM) 64-Bit Server VM (21.0.2+13-LTS-58, mixed mode, sharing, tiered, compressed oops, compressed class ptrs, g1 gc, windows-amd64)
GC Precious Log:
 CardTable entry size: 512
 Card Set container configuration: InlinePtr #cards 4 size 8 Array Of Cards #cards 16 size 48 Howl #buckets 8 coarsen threshold 3686 Howl Bitmap #cards 512 size 80 coarsen threshold 460 Card regions per heap region 1 cards per card region 4096
 CPUs: 16 total, 16 available
 Memory: 16307M
 Large Page Support: Disabled
 NUMA Support: Disabled
 Compressed Oops: Enabled (Zero based)
 Heap Region Size: 2M
 Heap Min Capacity: 8M
 Heap Initial Capacity: 256M
 Heap Max Capacity: 4078M
 Pre-touch: Disabled
 Parallel Workers: 13
 Concurrent Workers: 3
 Concurrent Refinement Workers: 13
 Periodic GC: Disabled
Heap:
 garbage-first heap   total 77824K, used 35549K [0x0000000701200000, 0x0000000800000000)
  region size 2048K, 6 young (12288K), 3 survivors (6144K)
 Metaspace       used 23538K, committed 23936K, reserved 1114112K
  class space    used 3283K, committed 3456K, reserved 1048576K
GC Heap History (8 events):
Event: 0.432 GC heap before
{Heap before GC invocations=0 (full 0):
 garbage-first heap   total 262144K, used 20480K [0x0000000701200000, 0x0000000800000000)
  region size 2048K, 11 young (22528K), 0 survivors (0K)
 Metaspace       used 3858K, committed 4032K, reserved 1114112K
  class space    used 378K, committed 448K, reserved 1048576K
}
Event: 0.435 GC heap after
{Heap after GC invocations=1 (full 0):
 garbage-first heap   total 262144K, used 2831K [0x0000000701200000, 0x0000000800000000)
  region size 2048K, 2 young (4096K), 2 survivors (4096K)
 Metaspace       used 3858K, committed 4032K, reserved 1114112K
  class space    used 378K, committed 448K, reserved 1048576K
}
Event: 0.873 GC heap before
{Heap before GC invocations=1 (full 0):
 garbage-first heap   total 262144K, used 45839K [0x0000000701200000, 0x0000000800000000)
  region size 2048K, 22 young (45056K), 2 survivors (4096K)
 Metaspace       used 13716K, committed 13952K, reserved 1114112K
  class space    used 1697K, committed 1792K, reserved 1048576K
}
Event: 0.876 GC heap after
{Heap after GC invocations=2 (full 0):
 garbage-first heap   total 262144K, used 11614K [0x0000000701200000, 0x0000000800000000)
  region size 2048K, 3 young (6144K), 3 survivors (6144K)
 Metaspace       used 13716K, committed 13952K, reserved 1114112K
  class space    used 1697K, committed 1792K, reserved 1048576K
}
Event: 4.242 GC heap before
{Heap before GC invocations=2 (full 0):
 garbage-first heap   total 262144K, used 56670K [0x0000000701200000, 0x0000000800000000)
  region size 2048K, 25 young (51200K), 3 survivors (6144K)
 Metaspace       used 21126K, committed 21504K, reserved 1114112K
  class space    used 3019K, committed 3200K, reserved 1048576K
}
Event: 4.246 GC heap after
{Heap after GC invocations=3 (full 0):
 garbage-first heap   total 262144K, used 17965K [0x0000000701200000, 0x0000000800000000)
  region size 2048K, 4 young (8192K), 4 survivors (8192K)
 Metaspace       used 21126K, committed 21504K, reserved 1114112K
  class space    used 3019K, committed 3200K, reserved 1048576K
}
Event: 42.742 GC heap before
{Heap before GC invocations=4 (full 0):
 garbage-first heap   total 69632K, used 63021K [0x0000000701200000, 0x0000000800000000)
  region size 2048K, 20 young (40960K), 4 survivors (8192K)
 Metaspace       used 23460K, committed 23872K, reserved 1114112K
  class space    used 3278K, committed 3456K, reserved 1048576K
}
Event: 42.748 GC heap after
{Heap after GC invocations=5 (full 0):
 garbage-first heap   total 77824K, used 31453K [0x0000000701200000, 0x0000000800000000)
  region size 2048K, 3 young (6144K), 3 survivors (6144K)
 Metaspace       used 23460K, committed 23872K, reserved 1114112K
  class space    used 3278K, committed 3456K, reserved 1048576K
}

